[debug] [2021-01-18T15:19:02.370Z] ----------------------------------------------------------------------
[debug] [2021-01-18T15:19:02.374Z] Command:       C:\Program Files\nodejs\node.exe C:\Users\feras\AppData\Roaming\npm\node_modules\firebase-tools\lib\bin\firebase.js init
[debug] [2021-01-18T15:19:02.375Z] CLI Version:   9.2.1
[debug] [2021-01-18T15:19:02.375Z] Platform:      win32
[debug] [2021-01-18T15:19:02.375Z] Node Version:  v15.3.0
[debug] [2021-01-18T15:19:02.377Z] Time:          Mon Jan 18 2021 16:19:02 GMT+0100 (Mitteleuropäische Normalzeit)
[debug] [2021-01-18T15:19:02.377Z] ----------------------------------------------------------------------
[debug] [2021-01-18T15:19:02.377Z] 
[debug] [2021-01-18T15:19:02.385Z] > command requires scopes: ["email","openid","https://www.googleapis.com/auth/cloudplatformprojects.readonly","https://www.googleapis.com/auth/firebase","https://www.googleapis.com/auth/cloud-platform"]
[debug] [2021-01-18T15:19:02.386Z] > authorizing via signed-in user
[info] 
     ######## #### ########  ######## ########     ###     ######  ########
     ##        ##  ##     ## ##       ##     ##  ##   ##  ##       ##
     ######    ##  ########  ######   ########  #########  ######  ######
     ##        ##  ##    ##  ##       ##     ## ##     ##       ## ##
     ##       #### ##     ## ######## ########  ##     ##  ######  ########

You're about to initialize a Firebase project in this directory:

  C:\Users\feras\Angular-Udemy\my-own-app

[info] 
=== Project Setup
[info] 
[info] First, let's associate this project directory with a Firebase project.
[info] You can create multiple project aliases by running firebase use --add, 
[info] but for now we'll just set up a default project.
[info] 
[debug] [2021-01-18T15:19:38.208Z] >>> [apiv2][query] GET https://firebase.googleapis.com/v1beta1/projects pageSize=100
[debug] [2021-01-18T15:19:38.534Z] <<< [apiv2][status] GET https://firebase.googleapis.com/v1beta1/projects 200
[debug] [2021-01-18T15:19:38.534Z] <<< [apiv2][body] GET https://firebase.googleapis.com/v1beta1/projects [omitted]
[info] i  Using project shopping-market-428c0 (shopping market) 
[info] 
=== Hosting Setup
[info] 
[info] Your public directory is the folder (relative to your project directory) that
[info] will contain Hosting assets to be uploaded with firebase deploy. If you
[info] have a build process for your assets, use your build's output directory.
[info] 
[debug] [2021-01-18T15:22:25.137Z] >>> [apiv2][query] GET https://www.gstatic.com/firebasejs/releases.json [none]
[debug] [2021-01-18T15:22:25.248Z] <<< [apiv2][status] GET https://www.gstatic.com/firebasejs/releases.json 200
[debug] [2021-01-18T15:22:25.249Z] <<< [apiv2][body] GET https://www.gstatic.com/firebasejs/releases.json {"current":{"version":"8.2.3","browserURL":"https://www.gstatic.com/firebasejs/8.2.3/firebase.js","packageURL":"https://www.gstatic.com/firebasejs/8.2.3/firebase.tgz"},"live":{"version":"8.2","browserURL":"https://www.gstatic.com/firebasejs/live/8.2/firebase.js","packageURL":"https://www.gstatic.com/firebasejs/live/8.2/firebase.tgz"},"components":{"analytics":"https://www.gstatic.com/firebasejs/8.2.3/firebase-analytics.js","app":"https://www.gstatic.com/firebasejs/8.2.3/firebase-app.js","auth":"https://www.gstatic.com/firebasejs/8.2.3/firebase-auth.js","database":"https://www.gstatic.com/firebasejs/8.2.3/firebase-database.js","firestore":"https://www.gstatic.com/firebasejs/8.2.3/firebase-firestore.js","functions":"https://www.gstatic.com/firebasejs/8.2.3/firebase-functions.js","installations":"https://www.gstatic.com/firebasejs/8.2.3/firebase-installations.js","messaging":"https://www.gstatic.com/firebasejs/8.2.3/firebase-messaging.js","storage":"https://www.gstatic.com/firebasejs/8.2.3/firebase-storage.js","performance":"https://www.gstatic.com/firebasejs/8.2.3/firebase-performance.js","remote-config":"https://www.gstatic.com/firebasejs/8.2.3/firebase-remote-config.js","firestore.memory":"https://www.gstatic.com/firebasejs/8.2.3/firebase-firestore.memory.js"}}
[info] i  Skipping write of dist/my-first-app/index.html 
[info] 
[info] i  Detected a .git folder at C:\Users\feras\Angular-Udemy\my-own-app 
[info] i  Authorizing with GitHub to upload your service account to a GitHub repository's secrets store. 
[info] 
[info] Visit this URL on this device to log in:
[info] https://github.com/login/oauth/authorize?client_id=89cf50f02ac6aaed3484&state=47508145&redirect_uri=http%3A%2F%2Flocalhost%3A9005&scope=read%3Auser%20repo%20public_repo
[info] 
[info] Waiting for authentication...
[debug] [2021-01-18T15:22:54.918Z] >>> HTTP REQUEST POST https://github.com/login/oauth/access_token  
 {"client_id":"89cf50f02ac6aaed3484","client_secret":"3330d14abc895d9a74d5f17cd7a00711fa2c5bf0","code":"c95595986cbc2a93c6da","redirect_uri":"http://localhost:9005","state":"47508145"}
[debug] [2021-01-18T15:22:55.180Z] <<< HTTP RESPONSE 200 {"date":"Mon, 18 Jan 2021 15:22:55 GMT","content-type":"application/json; charset=utf-8","transfer-encoding":"chunked","server":"GitHub.com","status":"200 OK","vary":"X-PJAX, Accept-Encoding, Accept, X-Requested-With, Accept-Encoding","etag":"W/\"9fea00b7e42f96d8e824647eb09f4018\"","cache-control":"max-age=0, private, must-revalidate","strict-transport-security":"max-age=31536000; includeSubdomains; preload","x-frame-options":"deny","x-content-type-options":"nosniff","x-xss-protection":"1; mode=block","referrer-policy":"origin-when-cross-origin, strict-origin-when-cross-origin","expect-ct":"max-age=2592000, report-uri=\"https://api.github.com/_private/browser/errors\"","content-security-policy":"default-src 'none'; base-uri 'self'; block-all-mixed-content; connect-src 'self' uploads.github.com www.githubstatus.com collector.githubapp.com api.github.com github-cloud.s3.amazonaws.com github-production-repository-file-5c1aeb.s3.amazonaws.com github-production-upload-manifest-file-7fdce7.s3.amazonaws.com github-production-user-asset-6210df.s3.amazonaws.com cdn.optimizely.com logx.optimizely.com/v1/events wss://alive.github.com; font-src github.githubassets.com; form-action 'self' github.com gist.github.com; frame-ancestors 'none'; frame-src render.githubusercontent.com; img-src 'self' data: github.githubassets.com identicons.github.com collector.githubapp.com github-cloud.s3.amazonaws.com *.githubusercontent.com; manifest-src 'self'; media-src 'none'; script-src github.githubassets.com; style-src 'unsafe-inline' github.githubassets.com; worker-src github.com/socket-worker-5029ae85.js gist.github.com/socket-worker-5029ae85.js","x-github-request-id":"EA93:A1A5:138D738:18BB5E2:6005A7CF"}
[debug] [2021-01-18T15:22:55.181Z] >>> [apiv2][query] GET https://api.github.com/user [none]
[debug] [2021-01-18T15:22:55.509Z] <<< [apiv2][status] GET https://api.github.com/user 200
[debug] [2021-01-18T15:22:55.509Z] <<< [apiv2][body] GET https://api.github.com/user {"login":"ferasalnaem","id":48853701,"node_id":"MDQ6VXNlcjQ4ODUzNzAx","avatar_url":"https://avatars0.githubusercontent.com/u/48853701?v=4","gravatar_id":"","url":"https://api.github.com/users/ferasalnaem","html_url":"https://github.com/ferasalnaem","followers_url":"https://api.github.com/users/ferasalnaem/followers","following_url":"https://api.github.com/users/ferasalnaem/following{/other_user}","gists_url":"https://api.github.com/users/ferasalnaem/gists{/gist_id}","starred_url":"https://api.github.com/users/ferasalnaem/starred{/owner}{/repo}","subscriptions_url":"https://api.github.com/users/ferasalnaem/subscriptions","organizations_url":"https://api.github.com/users/ferasalnaem/orgs","repos_url":"https://api.github.com/users/ferasalnaem/repos","events_url":"https://api.github.com/users/ferasalnaem/events{/privacy}","received_events_url":"https://api.github.com/users/ferasalnaem/received_events","type":"User","site_admin":false,"name":null,"company":"TH Köln","blog":"","location":"Köln","email":null,"hireable":null,"bio":null,"twitter_username":null,"public_repos":5,"public_gists":0,"followers":2,"following":3,"created_at":"2019-03-23T08:28:32Z","updated_at":"2021-01-15T16:16:08Z","private_gists":0,"total_private_repos":0,"owned_private_repos":0,"disk_usage":2242,"collaborators":0,"two_factor_authentication":false,"plan":{"name":"free","space":976562499,"collaborators":0,"private_repos":10000}}
[info] 
[info] +  Success! Logged into GitHub as ferasalnaem 
[info] 
